<?xml version="1.0" encoding="UTF-8"?>
<!-- Generated by org.testng.reporters.JUnitReportReporter -->
<testsuite hostname="ALTechnologies" name="testNGSample.ParallelTesting" tests="2" failures="0" timestamp="3 Aug 2016 09:13:34 GMT" time="0.017" errors="0">
  <testcase name="secondTestCase" time="0.007" classname="testNGSample.ParallelTesting"/>
  <testcase name="firstTestCase" time="0.010" classname="testNGSample.ParallelTesting"/>
</testsuite> <!-- testNGSample.ParallelTesting -->
